# JRE version: OpenJDK Runtime Environment Temurin-17.0.2+8 (17.0.2+8) (build 17.0.2+8)
# Java VM: OpenJDK 64-Bit Server VM Temurin-17.0.2+8 (17.0.2+8, mixed mode, tiered, compressed oops, compressed class ptrs, parallel gc, windows-amd64)
GC Precious Log:
 CPUs: 16 total, 16 available
 Memory: 16336M
 Large Page Support: Disabled
 NUMA Support: Disabled
 Compressed Oops: Enabled (32-bit)
 Alignments: Space 512K, Generation 512K, Heap 2M
 Heap Min Capacity: 100M
 Heap Initial Capacity: 100M
 Heap Max Capacity: 1G
 Pre-touch: Disabled
 Parallel Workers: 13
Heap:
 PSYoungGen      total 5632K, used 416K [0x00000000eab00000, 0x00000000eb280000, 0x0000000100000000)
  eden space 5120K, 0% used [0x00000000eab00000,0x00000000eab00000,0x00000000eb000000)
  from space 512K, 81% used [0x00000000eb180000,0x00000000eb1e8000,0x00000000eb200000)
  to   space 512K, 0% used [0x00000000eb200000,0x00000000eb200000,0x00000000eb280000)
 ParOldGen       total 116736K, used 114994K [0x00000000c0000000, 0x00000000c7200000, 0x00000000eab00000)
  object space 116736K, 98% used [0x00000000c0000000,0x00000000c704cb50,0x00000000c7200000)
 Metaspace       used 81787K, committed 82688K, reserved 1130496K
  class space    used 8306K, committed 8768K, reserved 1048576K
GC Heap History (20 events):
Event: 3462.208 GC heap after
{Heap after GC invocations=3220 (full 56):
 PSYoungGen      total 7168K, used 2928K [0x00000000eab00000, 0x00000000eb700000, 0x0000000100000000)
  eden space 4096K, 0% used [0x00000000eab00000,0x00000000eab00000,0x00000000eaf00000)
  from space 3072K, 95% used [0x00000000eb400000,0x00000000eb6dc000,0x00000000eb700000)
  to   space 3584K, 0% used [0x00000000eb000000,0x00000000eb000000,0x00000000eb380000)
 ParOldGen       total 114688K, used 106320K [0x00000000c0000000, 0x00000000c7000000, 0x00000000eab00000)
  object space 114688K, 92% used [0x00000000c0000000,0x00000000c67d4240,0x00000000c7000000)
 Metaspace       used 81760K, committed 82688K, reserved 1130496K
  class space    used 8306K, committed 8768K, reserved 1048576K
}
Event: 3462.488 GC heap before
{Heap before GC invocations=3221 (full 56):
 PSYoungGen      total 7168K, used 7024K [0x00000000eab00000, 0x00000000eb700000, 0x0000000100000000)
  eden space 4096K, 100% used [0x00000000eab00000,0x00000000eaf00000,0x00000000eaf00000)
  from space 3072K, 95% used [0x00000000eb400000,0x00000000eb6dc000,0x00000000eb700000)
  to   space 3584K, 0% used [0x00000000eb000000,0x00000000eb000000,0x00000000eb380000)
 ParOldGen       total 114688K, used 106320K [0x00000000c0000000, 0x00000000c7000000, 0x00000000eab00000)
  object space 114688K, 92% used [0x00000000c0000000,0x00000000c67d4240,0x00000000c7000000)
 Metaspace       used 81760K, committed 82688K, reserved 1130496K
  class space    used 8306K, committed 8768K, reserved 1048576K
}
Event: 3462.491 GC heap after
{Heap after GC invocations=3221 (full 56):
 PSYoungGen      total 5632K, used 384K [0x00000000eab00000, 0x00000000eb480000, 0x0000000100000000)
  eden space 5120K, 0% used [0x00000000eab00000,0x00000000eab00000,0x00000000eb000000)
  from space 512K, 75% used [0x00000000eb000000,0x00000000eb060000,0x00000000eb080000)
  to   space 1536K, 0% used [0x00000000eb300000,0x00000000eb300000,0x00000000eb480000)
 ParOldGen       total 114688K, used 109096K [0x00000000c0000000, 0x00000000c7000000, 0x00000000eab00000)
  object space 114688K, 95% used [0x00000000c0000000,0x00000000c6a8a240,0x00000000c7000000)
 Metaspace       used 81760K, committed 82688K, reserved 1130496K
  class space    used 8306K, committed 8768K, reserved 1048576K
}
Event: 3463.540 GC heap before
{Heap before GC invocations=3222 (full 56):
 PSYoungGen      total 5632K, used 5504K [0x00000000eab00000, 0x00000000eb480000, 0x0000000100000000)
  eden space 5120K, 100% used [0x00000000eab00000,0x00000000eb000000,0x00000000eb000000)
  from space 512K, 75% used [0x00000000eb000000,0x00000000eb060000,0x00000000eb080000)
  to   space 1536K, 0% used [0x00000000eb300000,0x00000000eb300000,0x00000000eb480000)
 ParOldGen       total 114688K, used 109096K [0x00000000c0000000, 0x00000000c7000000, 0x00000000eab00000)
  object space 114688K, 95% used [0x00000000c0000000,0x00000000c6a8a240,0x00000000c7000000)
 Metaspace       used 81768K, committed 82688K, reserved 1130496K
  class space    used 8306K, committed 8768K, reserved 1048576K
}
Event: 3463.542 GC heap after
{Heap after GC invocations=3222 (full 56):
 PSYoungGen      total 5632K, used 496K [0x00000000eab00000, 0x00000000eb380000, 0x0000000100000000)
  eden space 5120K, 0% used [0x00000000eab00000,0x00000000eab00000,0x00000000eb000000)
  from space 512K, 96% used [0x00000000eb300000,0x00000000eb37c010,0x00000000eb380000)
  to   space 1024K, 0% used [0x00000000eb180000,0x00000000eb180000,0x00000000eb280000)
 ParOldGen       total 114688K, used 109304K [0x00000000c0000000, 0x00000000c7000000, 0x00000000eab00000)
  object space 114688K, 95% used [0x00000000c0000000,0x00000000c6abe240,0x00000000c7000000)
 Metaspace       used 81768K, committed 82688K, reserved 1130496K
  class space    used 8306K, committed 8768K, reserved 1048576K
}
Event: 3463.558 GC heap before
{Heap before GC invocations=3223 (full 56):
 PSYoungGen      total 5632K, used 5616K [0x00000000eab00000, 0x00000000eb380000, 0x0000000100000000)
  eden space 5120K, 100% used [0x00000000eab00000,0x00000000eb000000,0x00000000eb000000)
  from space 512K, 96% used [0x00000000eb300000,0x00000000eb37c010,0x00000000eb380000)
  to   space 1024K, 0% used [0x00000000eb180000,0x00000000eb180000,0x00000000eb280000)
 ParOldGen       total 114688K, used 109304K [0x00000000c0000000, 0x00000000c7000000, 0x00000000eab00000)
  object space 114688K, 95% used [0x00000000c0000000,0x00000000c6abe240,0x00000000c7000000)
 Metaspace       used 81768K, committed 82688K, reserved 1130496K
  class space    used 8306K, committed 8768K, reserved 1048576K
}
Event: 3463.559 GC heap after
{Heap after GC invocations=3223 (full 56):
 PSYoungGen      total 6144K, used 576K [0x00000000eab00000, 0x00000000eb380000, 0x0000000100000000)
  eden space 5120K, 0% used [0x00000000eab00000,0x00000000eab00000,0x00000000eb000000)
  from space 1024K, 56% used [0x00000000eb180000,0x00000000eb210020,0x00000000eb280000)
  to   space 1024K, 0% used [0x00000000eb280000,0x00000000eb280000,0x00000000eb380000)
 ParOldGen       total 114688K, used 109400K [0x00000000c0000000, 0x00000000c7000000, 0x00000000eab00000)
  object space 114688K, 95% used [0x00000000c0000000,0x00000000c6ad6240,0x00000000c7000000)
 Metaspace       used 81768K, committed 82688K, reserved 1130496K
  class space    used 8306K, committed 8768K, reserved 1048576K
}
Event: 3483.848 GC heap before
{Heap before GC invocations=3224 (full 56):
 PSYoungGen      total 6144K, used 5696K [0x00000000eab00000, 0x00000000eb380000, 0x0000000100000000)
  eden space 5120K, 100% used [0x00000000eab00000,0x00000000eb000000,0x00000000eb000000)
  from space 1024K, 56% used [0x00000000eb180000,0x00000000eb210020,0x00000000eb280000)
  to   space 1024K, 0% used [0x00000000eb280000,0x00000000eb280000,0x00000000eb380000)
 ParOldGen       total 114688K, used 109400K [0x00000000c0000000, 0x00000000c7000000, 0x00000000eab00000)
  object space 114688K, 95% used [0x00000000c0000000,0x00000000c6ad6240,0x00000000c7000000)
 Metaspace       used 81782K, committed 82688K, reserved 1130496K
  class space    used 8306K, committed 8768K, reserved 1048576K
}
Event: 3483.849 GC heap after
{Heap after GC invocations=3224 (full 56):
 PSYoungGen      total 6144K, used 984K [0x00000000eab00000, 0x00000000eb380000, 0x0000000100000000)
  eden space 5120K, 0% used [0x00000000eab00000,0x00000000eab00000,0x00000000eb000000)
  from space 1024K, 96% used [0x00000000eb280000,0x00000000eb376250,0x00000000eb380000)
  to   space 1536K, 0% used [0x00000000eb080000,0x00000000eb080000,0x00000000eb200000)
 ParOldGen       total 114688K, used 109615K [0x00000000c0000000, 0x00000000c7000000, 0x00000000eab00000)
  object space 114688K, 95% used [0x00000000c0000000,0x00000000c6b0bc80,0x00000000c7000000)
 Metaspace       used 81782K, committed 82688K, reserved 1130496K
  class space    used 8306K, committed 8768K, reserved 1048576K
}
Event: 3484.078 GC heap before
{Heap before GC invocations=3225 (full 56):
 PSYoungGen      total 6144K, used 6104K [0x00000000eab00000, 0x00000000eb380000, 0x0000000100000000)
  eden space 5120K, 100% used [0x00000000eab00000,0x00000000eb000000,0x00000000eb000000)
  from space 1024K, 96% used [0x00000000eb280000,0x00000000eb376250,0x00000000eb380000)
  to   space 1536K, 0% used [0x00000000eb080000,0x00000000eb080000,0x00000000eb200000)
 ParOldGen       total 114688K, used 109615K [0x00000000c0000000, 0x00000000c7000000, 0x00000000eab00000)
  object space 114688K, 95% used [0x00000000c0000000,0x00000000c6b0bc80,0x00000000c7000000)
 Metaspace       used 81782K, committed 82688K, reserved 1130496K
  class space    used 8306K, committed 8768K, reserved 1048576K
}
Event: 3484.079 GC heap after
{Heap after GC invocations=3225 (full 56):
 PSYoungGen      total 6656K, used 980K [0x00000000eab00000, 0x00000000eb300000, 0x0000000100000000)
  eden space 5120K, 0% used [0x00000000eab00000,0x00000000eab00000,0x00000000eb000000)
  from space 1536K, 63% used [0x00000000eb080000,0x00000000eb175120,0x00000000eb200000)
  to   space 1024K, 0% used [0x00000000eb200000,0x00000000eb200000,0x00000000eb300000)
 ParOldGen       total 114688K, used 110077K [0x00000000c0000000, 0x00000000c7000000, 0x00000000eab00000)
  object space 114688K, 95% used [0x00000000c0000000,0x00000000c6b7f6c0,0x00000000c7000000)
 Metaspace       used 81782K, committed 82688K, reserved 1130496K
  class space    used 8306K, committed 8768K, reserved 1048576K
}
Event: 3484.101 GC heap before
{Heap before GC invocations=3226 (full 56):
 PSYoungGen      total 6656K, used 6100K [0x00000000eab00000, 0x00000000eb300000, 0x0000000100000000)
  eden space 5120K, 100% used [0x00000000eab00000,0x00000000eb000000,0x00000000eb000000)
  from space 1536K, 63% used [0x00000000eb080000,0x00000000eb175120,0x00000000eb200000)
  to   space 1024K, 0% used [0x00000000eb200000,0x00000000eb200000,0x00000000eb300000)
 ParOldGen       total 114688K, used 110077K [0x00000000c0000000, 0x00000000c7000000, 0x00000000eab00000)
  object space 114688K, 95% used [0x00000000c0000000,0x00000000c6b7f6c0,0x00000000c7000000)
 Metaspace       used 81782K, committed 82688K, reserved 1130496K
  class space    used 8306K, committed 8768K, reserved 1048576K
}
Event: 3484.102 GC heap after
{Heap after GC invocations=3226 (full 56):
 PSYoungGen      total 6144K, used 608K [0x00000000eab00000, 0x00000000eb300000, 0x0000000100000000)
  eden space 5120K, 0% used [0x00000000eab00000,0x00000000eab00000,0x00000000eb000000)
  from space 1024K, 59% used [0x00000000eb200000,0x00000000eb298000,0x00000000eb300000)
  to   space 1024K, 0% used [0x00000000eb100000,0x00000000eb100000,0x00000000eb200000)
 ParOldGen       total 114688K, used 110870K [0x00000000c0000000, 0x00000000c7000000, 0x00000000eab00000)
  object space 114688K, 96% used [0x00000000c0000000,0x00000000c6c459b0,0x00000000c7000000)
 Metaspace       used 81782K, committed 82688K, reserved 1130496K
  class space    used 8306K, committed 8768K, reserved 1048576K
}
Event: 3484.117 GC heap before
{Heap before GC invocations=3227 (full 56):
 PSYoungGen      total 6144K, used 5728K [0x00000000eab00000, 0x00000000eb300000, 0x0000000100000000)
  eden space 5120K, 100% used [0x00000000eab00000,0x00000000eb000000,0x00000000eb000000)
  from space 1024K, 59% used [0x00000000eb200000,0x00000000eb298000,0x00000000eb300000)
  to   space 1024K, 0% used [0x00000000eb100000,0x00000000eb100000,0x00000000eb200000)
 ParOldGen       total 114688K, used 110870K [0x00000000c0000000, 0x00000000c7000000, 0x00000000eab00000)
  object space 114688K, 96% used [0x00000000c0000000,0x00000000c6c459b0,0x00000000c7000000)
 Metaspace       used 81782K, committed 82688K, reserved 1130496K
  class space    used 8306K, committed 8768K, reserved 1048576K
}
Event: 3484.118 GC heap after
{Heap after GC invocations=3227 (full 56):
 PSYoungGen      total 6144K, used 224K [0x00000000eab00000, 0x00000000eb280000, 0x0000000100000000)
  eden space 5120K, 0% used [0x00000000eab00000,0x00000000eab00000,0x00000000eb000000)
  from space 1024K, 21% used [0x00000000eb100000,0x00000000eb138000,0x00000000eb200000)
  to   space 512K, 0% used [0x00000000eb200000,0x00000000eb200000,0x00000000eb280000)
 ParOldGen       total 114688K, used 111174K [0x00000000c0000000, 0x00000000c7000000, 0x00000000eab00000)
  object space 114688K, 96% used [0x00000000c0000000,0x00000000c6c919c0,0x00000000c7000000)
 Metaspace       used 81782K, committed 82688K, reserved 1130496K
  class space    used 8306K, committed 8768K, reserved 1048576K
}
Event: 3485.936 GC heap before
{Heap before GC invocations=3228 (full 56):
 PSYoungGen      total 6144K, used 4030K [0x00000000eab00000, 0x00000000eb280000, 0x0000000100000000)
  eden space 5120K, 74% used [0x00000000eab00000,0x00000000eaeb78a8,0x00000000eb000000)
  from space 1024K, 21% used [0x00000000eb100000,0x00000000eb138000,0x00000000eb200000)
  to   space 512K, 0% used [0x00000000eb200000,0x00000000eb200000,0x00000000eb280000)
 ParOldGen       total 114688K, used 111174K [0x00000000c0000000, 0x00000000c7000000, 0x00000000eab00000)
  object space 114688K, 96% used [0x00000000c0000000,0x00000000c6c919c0,0x00000000c7000000)
 Metaspace       used 81783K, committed 82688K, reserved 1130496K
  class space    used 8306K, committed 8768K, reserved 1048576K
}
Event: 3485.937 GC heap after
{Heap after GC invocations=3228 (full 56):
 PSYoungGen      total 5632K, used 352K [0x00000000eab00000, 0x00000000eb280000, 0x0000000100000000)
  eden space 5120K, 0% used [0x00000000eab00000,0x00000000eab00000,0x00000000eb000000)
  from space 512K, 68% used [0x00000000eb200000,0x00000000eb258000,0x00000000eb280000)
  to   space 512K, 0% used [0x00000000eb180000,0x00000000eb180000,0x00000000eb200000)
 ParOldGen       total 114688K, used 111222K [0x00000000c0000000, 0x00000000c7000000, 0x00000000eab00000)
  object space 114688K, 96% used [0x00000000c0000000,0x00000000c6c9d9c0,0x00000000c7000000)
 Metaspace       used 81783K, committed 82688K, reserved 1130496K
  class space    used 8306K, committed 8768K, reserved 1048576K
}
Event: 3485.946 GC heap before
{Heap before GC invocations=3229 (full 56):
 PSYoungGen      total 5632K, used 5367K [0x00000000eab00000, 0x00000000eb280000, 0x0000000100000000)
  eden space 5120K, 97% used [0x00000000eab00000,0x00000000eafe5d28,0x00000000eb000000)
  from space 512K, 68% used [0x00000000eb200000,0x00000000eb258000,0x00000000eb280000)
  to   space 512K, 0% used [0x00000000eb180000,0x00000000eb180000,0x00000000eb200000)
 ParOldGen       total 114688K, used 111222K [0x00000000c0000000, 0x00000000c7000000, 0x00000000eab00000)
  object space 114688K, 96% used [0x00000000c0000000,0x00000000c6c9d9c0,0x00000000c7000000)
 Metaspace       used 81787K, committed 82688K, reserved 1130496K
  class space    used 8306K, committed 8768K, reserved 1048576K
}
Event: 3485.947 GC heap after
{Heap after GC invocations=3229 (full 56):
 PSYoungGen      total 5632K, used 416K [0x00000000eab00000, 0x00000000eb280000, 0x0000000100000000)
  eden space 5120K, 0% used [0x00000000eab00000,0x00000000eab00000,0x00000000eb000000)
  from space 512K, 81% used [0x00000000eb180000,0x00000000eb1e8000,0x00000000eb200000)
  to   space 512K, 0% used [0x00000000eb200000,0x00000000eb200000,0x00000000eb280000)
 ParOldGen       total 116736K, used 114994K [0x00000000c0000000, 0x00000000c7200000, 0x00000000eab00000)
  object space 116736K, 98% used [0x00000000c0000000,0x00000000c704cb50,0x00000000c7200000)
 Metaspace       used 81787K, committed 82688K, reserved 1130496K
  class space    used 8306K, committed 8768K, reserved 1048576K
}
Event: 3485.947 GC heap before
{Heap before GC invocations=3230 (full 57):
 PSYoungGen      total 5632K, used 416K [0x00000000eab00000, 0x00000000eb280000, 0x0000000100000000)
  eden space 5120K, 0% used [0x00000000eab00000,0x00000000eab00000,0x00000000eb000000)
  from space 512K, 81% used [0x00000000eb180000,0x00000000eb1e8000,0x00000000eb200000)
  to   space 512K, 0% used [0x00000000eb200000,0x00000000eb200000,0x00000000eb280000)
 ParOldGen       total 116736K, used 114994K [0x00000000c0000000, 0x00000000c7200000, 0x00000000eab00000)
  object space 116736K, 98% used [0x00000000c0000000,0x00000000c704cb50,0x00000000c7200000)
 Metaspace       used 81787K, committed 82688K, reserved 1130496K
  class space    used 8306K, committed 8768K, reserved 1048576K
}

